0 info it worked if it ends with ok
1 verbose cli [ 'C:\\Program Files\\nodejs\\node.exe',
1 verbose cli   'C:\\Program Files\\nodejs\\node_modules\\npm\\bin\\npm-cli.js',
1 verbose cli   'run',
1 verbose cli   'start:dev' ]
2 info using npm@3.10.10
3 info using node@v6.11.0
4 verbose run-script [ 'prestart:dev', 'start:dev', 'poststart:dev' ]
5 info lifecycle postit@1.0.0~prestart:dev: postit@1.0.0
6 silly lifecycle postit@1.0.0~prestart:dev: no script for prestart:dev, continuing
7 info lifecycle postit@1.0.0~start:dev: postit@1.0.0
8 verbose lifecycle postit@1.0.0~start:dev: unsafe-perm in lifecycle true
9 verbose lifecycle postit@1.0.0~start:dev: PATH: C:\Program Files\nodejs\node_modules\npm\bin\node-gyp-bin;C:\Users\User\Desktop\PostIt\node_modules\.bin;C:\Users\User\Desktop\louis\cmder_mini\bin;C:\Users\User\Desktop\louis\cmder_mini\vendor\conemu-maximus5\ConEmu\Scripts;C:\Users\User\Desktop\louis\cmder_mini\vendor\conemu-maximus5;C:\Users\User\Desktop\louis\cmder_mini\vendor\conemu-maximus5\ConEmu;C:\Windows\system32;C:\Windows;C:\Windows\System32\Wbem;C:\Windows\System32\WindowsPowerShell\v1.0\;C:\Program Files\nodejs\;C:\Program Files\Git\cmd;C:\Users\User\AppData\Local\Microsoft\WindowsApps;;C:\Program Files (x86)\Microsoft VS Code\bin;C:\Users\User\AppData\Roaming\npm;C:\Program Files\Git\usr\bin;C:\Program Files\Git\usr\share\vim\vim74;C:\Users\User\Desktop\louis\cmder_mini\
10 verbose lifecycle postit@1.0.0~start:dev: CWD: C:\Users\User\Desktop\PostIt
11 silly lifecycle postit@1.0.0~start:dev: Args: [ '/d /s /c', 'nodemon ./bin/www' ]
12 silly lifecycle postit@1.0.0~start:dev: Returned: code: 3221225786  signal: null
13 info lifecycle postit@1.0.0~start:dev: Failed to exec start:dev script
14 verbose stack Error: postit@1.0.0 start:dev: `nodemon ./bin/www`
14 verbose stack Exit status 3221225786
14 verbose stack     at EventEmitter.<anonymous> (C:\Program Files\nodejs\node_modules\npm\lib\utils\lifecycle.js:255:16)
14 verbose stack     at emitTwo (events.js:106:13)
14 verbose stack     at EventEmitter.emit (events.js:191:7)
14 verbose stack     at ChildProcess.<anonymous> (C:\Program Files\nodejs\node_modules\npm\lib\utils\spawn.js:40:14)
14 verbose stack     at emitTwo (events.js:106:13)
14 verbose stack     at ChildProcess.emit (events.js:191:7)
14 verbose stack     at maybeClose (internal/child_process.js:891:16)
14 verbose stack     at Process.ChildProcess._handle.onexit (internal/child_process.js:226:5)
15 verbose pkgid postit@1.0.0
16 verbose cwd C:\Users\User\Desktop\PostIt
17 error Windows_NT 10.0.14393
18 error argv "C:\\Program Files\\nodejs\\node.exe" "C:\\Program Files\\nodejs\\node_modules\\npm\\bin\\npm-cli.js" "run" "start:dev"
19 error node v6.11.0
20 error npm  v3.10.10
21 error code ELIFECYCLE
22 error postit@1.0.0 start:dev: `nodemon ./bin/www`
22 error Exit status 3221225786
23 error Failed at the postit@1.0.0 start:dev script 'nodemon ./bin/www'.
23 error Make sure you have the latest version of node.js and npm installed.
23 error If you do, this is most likely a problem with the postit package,
23 error not with npm itself.
23 error Tell the author that this fails on your system:
23 error     nodemon ./bin/www
23 error You can get information on how to open an issue for this project with:
23 error     npm bugs postit
23 error Or if that isn't available, you can get their info via:
23 error     npm owner ls postit
23 error There is likely additional logging output above.
24 verbose exit [ 1, true ]
